<?xml version="1.0" encoding="utf-8"?><testsuites name="pytest tests"><testsuite name="pytest" errors="0" failures="0" skipped="0" tests="24" time="0.327" timestamp="2026-09-10T10:11:29.728101+00:00" hostname="hds-96pdrjbtzh6r"><testcase classname="tests.jobs.test_internal_bridge_01" name="test_b1_missing_pins_hold_before_freeze_admit_project" time="0.010" /><testcase classname="tests.jobs.test_internal_bridge_01" name="test_b1_malformed_pin_holds_before_freeze" time="0.008" /><testcase classname="tests.jobs.test_internal_bridge_01" name="test_b3_self_flagged_transport_rejected_zero_calls" time="0.014" /><testcase classname="tests.jobs.test_internal_bridge_01" name="test_b3_subclass_even_with_flag_rejected_zero_calls" time="0.014" /><testcase classname="tests.jobs.test_internal_bridge_01" name="test_b3_exact_fake_transport_without_flag_is_allowed" time="0.014" /><testcase classname="tests.jobs.test_internal_bridge_01" name="test_b2_projection_fail_after_succeeded_replay_is_not_duplicate_noop" time="0.018" /><testcase classname="tests.jobs.test_internal_bridge_01" name="test_b2_crash_before_receipt_replay_not_false_success" time="0.016" /><testcase classname="tests.jobs.test_internal_bridge_01" name="test_b2_resume_denied_transport_is_reconcile_required" time="0.016" /><testcase classname="tests.jobs.test_internal_bridge_01" name="test_envelope_fail_closed_skips_project" time="0.013" /><testcase classname="tests.jobs.test_internal_bridge_01" name="test_digest_change_does_not_reuse_old_result" time="0.017" /><testcase classname="tests.jobs.test_internal_bridge_01" name="test_b4_roles_split_and_published_hash_not_upgraded" time="0.014" /><testcase classname="tests.jobs.test_internal_bridge_01" name="test_b4_synthetic_complete_is_not_real_data_pass" time="0.013" /><testcase classname="tests.jobs.test_internal_bridge_01_contractor" name="test_contractor_packages_required_no_importorskip" time="0.000" /><testcase classname="tests.jobs.test_internal_bridge_01_contractor" name="test_contractor_git_sha_matches_pin" time="0.002" /><testcase classname="tests.jobs.test_j3_mapping" name="test_baselines_are_full_shas" time="0.000" /><testcase classname="tests.jobs.test_j3_mapping" name="test_public_api_covers_three_core_packages" time="0.000" /><testcase classname="tests.jobs.test_j3_mapping" name="test_fingerprint_maps_to_admit" time="0.000" /><testcase classname="tests.jobs.test_j3_adapter_shadow" name="test_shadow_run_calls_real_ledger_and_fake_transport" time="0.014" /><testcase classname="tests.jobs.test_j3_adapter_shadow" name="test_replay_reads_terminal_state" time="0.016" /><testcase classname="tests.jobs.test_j3_adapter_shadow" name="test_hash_mismatch_fail_closed" time="0.008" /><testcase classname="tests.jobs.test_j3_adapter_shadow" name="test_unmarked_transport_rejected_before_project" time="0.014" /><testcase classname="tests.jobs.test_j3_holds" name="test_missing_j1_j2_pins_are_human_hold" time="0.007" /><testcase classname="tests.jobs.test_j3_holds" name="test_commit_shaped_string_is_not_input_hash" time="0.008" /><testcase classname="tests.jobs.test_j3_contractor_required" name="test_contractor_packages_required" time="0.000" /></testsuite></testsuites>