<?xml version="1.0" encoding="utf-8"?><testsuites name="pytest tests"><testsuite name="pytest" errors="0" failures="0" skipped="0" tests="6" time="0.970" timestamp="2026-09-10T09:56:31.247128+00:00" hostname="hds-96pdrjbtzh6r"><testcase classname="tests.jobs.test_j1_input_audit" name="test_file_status_splits_present_from_hash_verified" time="0.001" /><testcase classname="tests.jobs.test_j1_input_audit" name="test_strict_exit_code_missing_and_mismatch" time="0.000" /><testcase classname="tests.jobs.test_j1_input_audit" name="test_j1_audit_is_read_only_and_idempotent" time="0.392" /><testcase classname="tests.jobs.test_j1_input_audit" name="test_j1_cross_checks_runtime_and_reports_gaps" time="0.182" /><testcase classname="tests.jobs.test_j1_input_audit" name="test_j1_publishes_three_hashes_and_reproduction" time="0.183" /><testcase classname="tests.jobs.test_j1_input_audit" name="test_j1_strict_exits_nonzero_on_missing_or_mismatch" time="0.185" /></testsuite></testsuites>