<?xml version="1.0" encoding="utf-8"?><testsuites name="pytest tests"><testsuite name="pytest" errors="0" failures="0" skipped="0" tests="10" time="0.181" timestamp="2026-09-10T09:34:37.610776+00:00" hostname="hds-qtt31knf0wzg"><testcase classname="tests.jobs.test_j3_mapping" name="test_baselines_are_full_shas" time="0.000" /><testcase classname="tests.jobs.test_j3_mapping" name="test_public_api_covers_three_core_packages" time="0.000" /><testcase classname="tests.jobs.test_j3_mapping" name="test_fingerprint_maps_to_admit" time="0.000" /><testcase classname="tests.jobs.test_j3_adapter_shadow" name="test_shadow_run_calls_real_ledger_and_fake_transport" time="0.021" /><testcase classname="tests.jobs.test_j3_adapter_shadow" name="test_replay_reads_terminal_state" time="0.017" /><testcase classname="tests.jobs.test_j3_adapter_shadow" name="test_hash_mismatch_fail_closed" time="0.008" /><testcase classname="tests.jobs.test_j3_adapter_shadow" name="test_unmarked_transport_rejected_before_project" time="0.014" /><testcase classname="tests.jobs.test_j3_holds" name="test_missing_j1_j2_pins_are_human_hold" time="0.014" /><testcase classname="tests.jobs.test_j3_holds" name="test_commit_shaped_string_is_not_input_hash" time="0.014" /><testcase classname="tests.jobs.test_j3_contractor_required" name="test_contractor_packages_required" time="0.000" /></testsuite></testsuites>
