<?xml version="1.0" encoding="utf-8"?><testsuites name="pytest tests"><testsuite name="pytest" errors="0" failures="0" skipped="0" tests="7" time="0.109" timestamp="2026-09-10T09:07:46.392605+00:00" hostname="offline-j3"><testcase classname="tests.jobs.test_j3_mapping" name="test_baselines_are_full_shas" time="0.000" /><testcase classname="tests.jobs.test_j3_mapping" name="test_public_api_covers_three_core_packages" time="0.000" /><testcase classname="tests.jobs.test_j3_mapping" name="test_fingerprint_maps_to_admit" time="0.000" /><testcase classname="tests.jobs.test_j3_adapter_shadow" name="test_shadow_run_calls_real_ledger_and_fake_transport" time="0.023" /><testcase classname="tests.jobs.test_j3_adapter_shadow" name="test_replay_is_idempotent_hit" time="0.021" /><testcase classname="tests.jobs.test_j3_adapter_shadow" name="test_hash_mismatch_fail_closed" time="0.008" /><testcase classname="tests.jobs.test_j3_holds" name="test_missing_j1_j2_pins_are_human_hold" time="0.014" /></testsuite></testsuites>
